info it worked if it ends with ok
verbose cli [ 'C:\\Program Files\\nodejs\\\\node.exe',
verbose cli   'C:\\Program Files\\nodejs\\node_modules\\npm\\bin\\npm-cli.js',
verbose cli   'test' ]
info using npm@1.1.0-beta-4
info using node@v0.6.6
verbose config file C:\Users\Administrator\.npmrc
verbose config file C:\Program Files\nodejs\etc\npmrc
verbose config file C:\Program Files\nodejs\node_modules\npm\npmrc
verbose caching C:\Git\SimpleModel\package.json
verbose loadDefaults simplemodel@0.0.1-alfa
verbose run-script [ 'pretest', 'test', 'posttest' ]
info pretest simplemodel@0.0.1-alfa
info test simplemodel@0.0.1-alfa
verbose unsafe-perm in lifecycle true
silly exec cmd "/c" "node ./test.js"
silly spawning [ 'cmd', [ '/c', 'node ./test.js' ], 'C:\\Git\\SimpleModel' ]
info simplemodel@0.0.1-alfa Failed to exec test script
ERR! simplemodel@0.0.1-alfa test: `node ./test.js`
ERR! `cmd "/c" "node ./test.js"` failed with 1
ERR! 
ERR! Failed at the simplemodel@0.0.1-alfa test script.
ERR! This is most likely a problem with the simplemodel package,
ERR! not with npm itself.
ERR! Tell the author that this fails on your system:
ERR!     node ./test.js
ERR! You can get their info via:
ERR!     npm owner ls simplemodel
ERR! There is likely additional logging output above.
ERR! 
ERR! System Windows_NT 6.0.6002
ERR! command "C:\\Program Files\\nodejs\\\\node.exe" "C:\\Program Files\\nodejs\\node_modules\\npm\\bin\\npm-cli.js" "test"
ERR! cwd C:\Git\SimpleModel
ERR! node -v v0.6.6
ERR! npm -v 1.1.0-beta-4
ERR! code ELIFECYCLE
ERR! message simplemodel@0.0.1-alfa test: `node ./test.js`
ERR! message `cmd "/c" "node ./test.js"` failed with 1
verbose exit [ 1, true ]
